run |       var |       bin |
1|          1|          1| PL
2|          1|          2| PL
3|          1|          1| PL
1|          2|          1| PL
2|          2|          2| PL
3|          2|          1| PL
1|          3|          2| PL
2|          3|          2| PL
3|          3|          1| PL
1|          4|          2| PL
2|          4|          2| PL
3|          4|          2| PL
1|          5|          2| PL
2|          5|          2| PL
3|          5|          2| PL
1|          6|          2| PL
2|          6|          1| PL
3|          6|          2| PL
1|          7|          2| PL
2|          7|          1| PL
3|          7|          2| PL
TCSIZE=31
(1,1) TC
(1,2) TC
(1,3) TC
(1,4) TC
(1,5) TC
(1,6) TC
(1,7) TC
(2,1) TC
(2,2) TC
(2,3) TC
(2,4) TC
(2,5) TC
(2,6) TC
(2,7) TC
(3,3) TC
(3,4) TC
(3,5) TC
(3,6) TC
(3,7) TC
(4,4) TC
(4,5) TC
(4,6) TC
(4,7) TC
(5,4) TC
(5,5) TC
(5,6) TC
(5,7) TC
(6,6) TC
(6,7) TC
(7,6) TC
(7,7) TC
